<?xml version="1.0" encoding="UTF-8"?>
<!-- Generated by org.testng.reporters.JUnitReportReporter -->
<testsuite hostname="Web-QA-56" failures="0" tests="8" name="restAssured.testCases.API_Collection_Test" time="10.484" errors="0" timestamp="2022-05-26T16:50:20 IST" skipped="0">
  <testcase classname="restAssured.testCases.API_Collection_Test" name="createAirlineAPI" time="2.873"/>
  <system-out/>
  <testcase classname="restAssured.testCases.API_Collection_Test" name="getAirlineByIdAPI" time="1.881"/>
  <system-out/>
  <testcase classname="restAssured.testCases.API_Collection_Test" name="createPassengerAPI" time="1.479"/>
  <system-out/>
  <testcase classname="restAssured.testCases.API_Collection_Test" name="getPassengerByIdAPI" time="0.822"/>
  <system-out/>
  <testcase classname="restAssured.testCases.API_Collection_Test" name="updatePassengerPartialAPI" time="0.832"/>
  <system-out/>
  <testcase classname="restAssured.testCases.API_Collection_Test" name="updatePassengeFullyAPI" time="0.874"/>
  <system-out/>
  <testcase classname="restAssured.testCases.API_Collection_Test" name="deletePassenger" time="0.828"/>
  <system-out/>
  <testcase classname="restAssured.testCases.API_Collection_Test" name="getAllPassengersData" time="0.895"/>
  <system-out/>
</testsuite> <!-- restAssured.testCases.API_Collection_Test -->
