<?xml version="1.0" encoding="UTF-8"?>
<!-- Generated by org.testng.reporters.JUnitReportReporter -->
<testsuite hostname="Web-QA-56" failures="0" tests="2" name="restAssured.testCases.TestAPI" time="3.487" errors="0" timestamp="2022-05-26T13:35:39 IST" skipped="0">
  <testcase classname="restAssured.testCases.TestAPI" name="deletePassenger" time="1.972"/>
  <system-out/>
  <testcase classname="restAssured.testCases.TestAPI" name="getAllPassengersData" time="1.515"/>
  <system-out/>
</testsuite> <!-- restAssured.testCases.TestAPI -->
