<?xml version="1.0" encoding="UTF-8"?>
<!-- Generated by org.testng.reporters.JUnitReportReporter -->
<testsuite hostname="Web-QA-56" failures="0" tests="6" name="employee.testCases.TC003_Post_Employee_Record" time="0.076" errors="0" timestamp="2022-05-20T21:50:55 IST" skipped="0">
  <testcase classname="employee.testCases.TC003_Post_Employee_Record" name="checkStatusCode" time="0.002"/>
  <system-out/>
  <testcase classname="employee.testCases.TC003_Post_Employee_Record" name="checkResposeBody" time="0.069"/>
  <system-out/>
  <testcase classname="employee.testCases.TC003_Post_Employee_Record" name="checkResponseTime" time="0.002"/>
  <system-out/>
  <testcase classname="employee.testCases.TC003_Post_Employee_Record" name="checkstatusLine" time="0.001"/>
  <system-out/>
  <testcase classname="employee.testCases.TC003_Post_Employee_Record" name="checkContentType" time="0.001"/>
  <system-out/>
  <testcase classname="employee.testCases.TC003_Post_Employee_Record" name="checkContentLenght" time="0.001"/>
  <system-out/>
</testsuite> <!-- employee.testCases.TC003_Post_Employee_Record -->
