<?xml version="1.0" encoding="UTF-8"?>
<!-- Generated by org.testng.reporters.JUnitReportReporter -->
<testsuite hostname="Web-QA-56" failures="0" tests="6" name="restAssured.testCases.TC005_Post_Passenger_Record" time="0.720" errors="0" timestamp="2022-05-20T16:42:50 IST" skipped="0">
  <testcase classname="restAssured.testCases.TC005_Post_Passenger_Record" name="checkStatusCode" time="0.001"/>
  <system-out/>
  <testcase classname="restAssured.testCases.TC005_Post_Passenger_Record" name="checkResposeBody" time="0.709"/>
  <system-out/>
  <testcase classname="restAssured.testCases.TC005_Post_Passenger_Record" name="checkResponseTime" time="0.006"/>
  <system-out/>
  <testcase classname="restAssured.testCases.TC005_Post_Passenger_Record" name="checkstatusLine" time="0.001"/>
  <system-out/>
  <testcase classname="restAssured.testCases.TC005_Post_Passenger_Record" name="checkContentType" time="0.002"/>
  <system-out/>
  <testcase classname="restAssured.testCases.TC005_Post_Passenger_Record" name="checkContentLenght" time="0.001"/>
  <system-out/>
</testsuite> <!-- restAssured.testCases.TC005_Post_Passenger_Record -->
