<?xml version="1.0" encoding="UTF-8"?>
<!-- Generated by org.testng.reporters.JUnitReportReporter -->
<testsuite hostname="Web-QA-56" failures="0" tests="6" name="restAssured.testCases.TC009_Get_All_Passengers" time="0.042" errors="0" timestamp="2022-05-20T16:42:50 IST" skipped="0">
  <testcase classname="restAssured.testCases.TC009_Get_All_Passengers" name="checkStatusCode" time="0.002"/>
  <system-out/>
  <testcase classname="restAssured.testCases.TC009_Get_All_Passengers" name="checkResposeBody" time="0.030"/>
  <system-out/>
  <testcase classname="restAssured.testCases.TC009_Get_All_Passengers" name="checkResponseTime" time="0.002"/>
  <system-out/>
  <testcase classname="restAssured.testCases.TC009_Get_All_Passengers" name="checkstatusLine" time="0.002"/>
  <system-out/>
  <testcase classname="restAssured.testCases.TC009_Get_All_Passengers" name="checkContentType" time="0.003"/>
  <system-out/>
  <testcase classname="restAssured.testCases.TC009_Get_All_Passengers" name="checkContentLenght" time="0.003"/>
  <system-out/>
</testsuite> <!-- restAssured.testCases.TC009_Get_All_Passengers -->
