<?xml version="1.0" encoding="UTF-8"?>
<!-- Generated by org.testng.reporters.JUnitReportReporter -->
<testsuite hostname="Web-QA-56" failures="0" tests="6" name="restAssured.testCases.TC008_Delete_Passenger_By_ID" time="0.022" errors="0" timestamp="2022-05-20T16:42:50 IST" skipped="0">
  <testcase classname="restAssured.testCases.TC008_Delete_Passenger_By_ID" name="checkStatusCode" time="0.002"/>
  <system-out/>
  <testcase classname="restAssured.testCases.TC008_Delete_Passenger_By_ID" name="checkResposeBody" time="0.014"/>
  <system-out/>
  <testcase classname="restAssured.testCases.TC008_Delete_Passenger_By_ID" name="checkResponseTime" time="0.001"/>
  <system-out/>
  <testcase classname="restAssured.testCases.TC008_Delete_Passenger_By_ID" name="checkstatusLine" time="0.001"/>
  <system-out/>
  <testcase classname="restAssured.testCases.TC008_Delete_Passenger_By_ID" name="checkContentType" time="0.003"/>
  <system-out/>
  <testcase classname="restAssured.testCases.TC008_Delete_Passenger_By_ID" name="checkContentLenght" time="0.001"/>
  <system-out/>
</testsuite> <!-- restAssured.testCases.TC008_Delete_Passenger_By_ID -->
