<?xml version="1.0" encoding="UTF-8"?>
<!-- Generated by org.testng.reporters.JUnitReportReporter -->
<testsuite hostname="Web-QA-56" failures="0" tests="1" name="banking.testCases.TC_LoginTest_001" time="2.430" errors="0" timestamp="2022-05-20T21:41:16 IST" skipped="0">
  <testcase classname="banking.testCases.TC_LoginTest_001" name="loginTest" time="2.430"/>
  <system-out/>
</testsuite> <!-- banking.testCases.TC_LoginTest_001 -->
