<?xml version="1.0" encoding="UTF-8"?>
<!-- Generated by org.testng.reporters.JUnitReportReporter -->
<testsuite skipped="0" hostname="DESKTOP-704C23G" name="TestNG.Defaultreporting" tests="1" failures="0" timestamp="2022-01-06T11:50:53 IST" time="0.023" errors="0">
  <testcase name="A" time="0.023" classname="TestNG.Defaultreporting"/>
  <system-out/>
</testsuite> <!-- TestNG.Defaultreporting -->
