<?xml version="1.0" encoding="UTF-8"?>
<!-- Generated by org.testng.reporters.JUnitReportReporter -->
<testsuite hostname="DESKTOP-704C23G" failures="0" tests="1" name="banking.testCases.TC_LoginTest_001" time="6.433" errors="0" timestamp="2022-04-07T14:21:07 IST" skipped="0">
  <testcase classname="banking.testCases.TC_LoginTest_001" name="loginTest" time="6.433"/>
  <system-out/>
</testsuite> <!-- banking.testCases.TC_LoginTest_001 -->
